

Version:	3.50
CmdLine:	C:\Users\davinky\Documents\codeshit\StokObatApotek-Maven\target\StokObatApotek.exe --l4j-debug
JNI:		No
WOW64:		Yes
Working dir:	C:\Users\davinky\Documents\codeshit\StokObatApotek-Maven\target\.
Requires JDK:	Yes
Requires 64-Bit: Yes
Java min ver:	1.023.000_001
Java max ver:	
Substitute:	JAVA_HOME = C:\Program Files\Zulu\zulu-23\
Substitute:	PATH = C:\Program Files\Zulu\zulu-23\bin\;C:\Program Files\Python312\Scripts\;C:\Program Files\Python312\;C:\Windows\system32;C:\Windows;C:\Windows\System32\Wbem;C:\Windows\System32\WindowsPowerShell\v1.0\;C:\Windows\System32\OpenSSH\;C:\Program Files (x86)\NVIDIA Corporation\PhysX\Common;C:\Program Files\NVIDIA Corporation\NVIDIA NvDLISR;C:\Program Files\Git\cmd;C:\Program Files\nodejs\;C:\ProgramData\chocolatey\bin;C:\Program Files\dotnet\;C:\php;C:\Program Files\Docker\Docker\resources\bin;C:\ProgramData\ComposerSetup\bin;C:\Program Files\Cloudflare\Cloudflare WARP\;C:\Users\davinky\.cargo\bin;C:\Users\davinky\AppData\Local\Microsoft\WindowsApps;C:\Users\davinky\AppData\Roaming\npm;C:\Users\davinky\AppData\Local\Programs\Microsoft VS Code\bin;C:\Users\davinky\.dotnet\tools;C:\Users\davinky\AppData\Roaming\Composer\vendor\bin;C:\Program Files\Java\jdk-22\bin;;C:\Program Files\JetBrains\IntelliJ IDEA 2024.2.4\bin;;C:\Program Files\Zulu\zulu-23\\bin
JRE paths:	C:\Program Files\Zulu\zulu-23\;C:\Program Files\Zulu\zulu-23\bin\;C:\Program Files\Python312\Scripts\;C:\Program Files\Python312\;C:\Windows\system32;C:\Windows;C:\Windows\System32\Wbem;C:\Windows\System32\WindowsPowerShell\v1.0\;C:\Windows\System32\OpenSSH\;C:\Program Files (x86)\NVIDIA Corporation\PhysX\Common;C:\Program Files\NVIDIA Corporation\NVIDIA NvDLISR;C:\Program Files\Git\cmd;C:\Program Files\nodejs\;C:\ProgramData\chocolatey\bin;C:\Program Files\dotnet\;C:\php;C:\Program Files\Docker\Docker\resources\bin;C:\ProgramData\ComposerSetup\bin;C:\Program Files\Cloudflare\Cloudflare WARP\;C:\Users\davinky\.cargo\bin;C:\Users\davinky\AppData\Local\Microsoft\WindowsApps;C:\Users\davinky\AppData\Roaming\npm;C:\Users\davinky\AppData\Local\Programs\Microsoft VS Code\bin;C:\Users\davinky\.dotnet\tools;C:\Users\davinky\AppData\Roaming\Composer\vendor\bin;C:\Program Files\Java\jdk-22\bin;;C:\Program Files\JetBrains\IntelliJ IDEA 2024.2.4\bin;;C:\Program Files\Zulu\zulu-23\\bin
Check launcher:	C:\Program Files\Zulu\zulu-23\bin\javaw.exe (OK)
Check javac:	C:\Program Files\Zulu\zulu-23\bin\javac.exe (OK)
Version string: 1.023.000_001 / 64-Bit (OK)
Launcher:	C:\Program Files\Zulu\zulu-23\bin\javaw.exe
Launcher args:	-jar "C:\Users\davinky\Documents\codeshit\StokObatApotek-Maven\target\StokObatApotek.exe"
Args length:	89/32768 chars
Exit code:	0


Version:	3.50
CmdLine:	C:\Users\davinky\Documents\codeshit\StokObatApotek-Maven\target\StokObatApotek.exe --l4j-debug
JNI:		No
WOW64:		Yes
Working dir:	C:\Users\davinky\Documents\codeshit\StokObatApotek-Maven\target\.
Requires JDK:	Yes
Requires 64-Bit: Yes
Java min ver:	1.023.000_001
Java max ver:	
Substitute:	JAVA_HOME = C:\Program Files\Zulu\zulu-23\
Substitute:	PATH = C:\Program Files\Zulu\zulu-23\bin\;C:\Program Files\Python312\Scripts\;C:\Program Files\Python312\;C:\Windows\system32;C:\Windows;C:\Windows\System32\Wbem;C:\Windows\System32\WindowsPowerShell\v1.0\;C:\Windows\System32\OpenSSH\;C:\Program Files (x86)\NVIDIA Corporation\PhysX\Common;C:\Program Files\NVIDIA Corporation\NVIDIA NvDLISR;C:\Program Files\Git\cmd;C:\Program Files\nodejs\;C:\ProgramData\chocolatey\bin;C:\Program Files\dotnet\;C:\php;C:\Program Files\Docker\Docker\resources\bin;C:\ProgramData\ComposerSetup\bin;C:\Program Files\Cloudflare\Cloudflare WARP\;C:\Users\davinky\.cargo\bin;C:\Users\davinky\AppData\Local\Microsoft\WindowsApps;C:\Users\davinky\AppData\Roaming\npm;C:\Users\davinky\AppData\Local\Programs\Microsoft VS Code\bin;C:\Users\davinky\.dotnet\tools;C:\Users\davinky\AppData\Roaming\Composer\vendor\bin;C:\Program Files\Java\jdk-22\bin;;C:\Program Files\JetBrains\IntelliJ IDEA 2024.2.4\bin;;C:\Program Files\Zulu\zulu-23\\bin
JRE paths:	C:\Program Files\Zulu\zulu-23\;C:\Program Files\Zulu\zulu-23\bin\;C:\Program Files\Python312\Scripts\;C:\Program Files\Python312\;C:\Windows\system32;C:\Windows;C:\Windows\System32\Wbem;C:\Windows\System32\WindowsPowerShell\v1.0\;C:\Windows\System32\OpenSSH\;C:\Program Files (x86)\NVIDIA Corporation\PhysX\Common;C:\Program Files\NVIDIA Corporation\NVIDIA NvDLISR;C:\Program Files\Git\cmd;C:\Program Files\nodejs\;C:\ProgramData\chocolatey\bin;C:\Program Files\dotnet\;C:\php;C:\Program Files\Docker\Docker\resources\bin;C:\ProgramData\ComposerSetup\bin;C:\Program Files\Cloudflare\Cloudflare WARP\;C:\Users\davinky\.cargo\bin;C:\Users\davinky\AppData\Local\Microsoft\WindowsApps;C:\Users\davinky\AppData\Roaming\npm;C:\Users\davinky\AppData\Local\Programs\Microsoft VS Code\bin;C:\Users\davinky\.dotnet\tools;C:\Users\davinky\AppData\Roaming\Composer\vendor\bin;C:\Program Files\Java\jdk-22\bin;;C:\Program Files\JetBrains\IntelliJ IDEA 2024.2.4\bin;;C:\Program Files\Zulu\zulu-23\\bin
Check launcher:	C:\Program Files\Zulu\zulu-23\bin\javaw.exe (OK)
Check javac:	C:\Program Files\Zulu\zulu-23\bin\javac.exe (OK)
Version string: 1.023.000_001 / 64-Bit (OK)
Launcher:	C:\Program Files\Zulu\zulu-23\bin\javaw.exe
Launcher args:	-jar "C:\Users\davinky\Documents\codeshit\StokObatApotek-Maven\target\StokObatApotek.exe"
Args length:	89/32768 chars
Exit code:	0


Version:	3.50
CmdLine:	C:\Users\davinky\Documents\codeshit\StokObatApotek-Maven\target\StokObatApotek.exe --l4j-debug
JNI:		No
WOW64:		Yes
Working dir:	C:\Users\davinky\Documents\codeshit\StokObatApotek-Maven\target\.
Requires JDK:	Yes
Requires 64-Bit: Yes
Java min ver:	1.023.000_001
Java max ver:	
Substitute:	JAVA_HOME = C:\Program Files\Zulu\zulu-23\
Substitute:	PATH = C:\Program Files\Zulu\zulu-23\bin\;C:\Program Files\Python312\Scripts\;C:\Program Files\Python312\;C:\Windows\system32;C:\Windows;C:\Windows\System32\Wbem;C:\Windows\System32\WindowsPowerShell\v1.0\;C:\Windows\System32\OpenSSH\;C:\Program Files (x86)\NVIDIA Corporation\PhysX\Common;C:\Program Files\NVIDIA Corporation\NVIDIA NvDLISR;C:\Program Files\Git\cmd;C:\Program Files\nodejs\;C:\ProgramData\chocolatey\bin;C:\Program Files\dotnet\;C:\php;C:\Program Files\Docker\Docker\resources\bin;C:\ProgramData\ComposerSetup\bin;C:\Program Files\Cloudflare\Cloudflare WARP\;C:\Users\davinky\.cargo\bin;C:\Users\davinky\AppData\Local\Microsoft\WindowsApps;C:\Users\davinky\AppData\Roaming\npm;C:\Users\davinky\AppData\Local\Programs\Microsoft VS Code\bin;C:\Users\davinky\.dotnet\tools;C:\Users\davinky\AppData\Roaming\Composer\vendor\bin;C:\Program Files\Java\jdk-22\bin;;C:\Program Files\JetBrains\IntelliJ IDEA 2024.2.4\bin;;C:\Program Files\Zulu\zulu-23\\bin
JRE paths:	C:\Program Files\Zulu\zulu-23\;C:\Program Files\Zulu\zulu-23\bin\;C:\Program Files\Python312\Scripts\;C:\Program Files\Python312\;C:\Windows\system32;C:\Windows;C:\Windows\System32\Wbem;C:\Windows\System32\WindowsPowerShell\v1.0\;C:\Windows\System32\OpenSSH\;C:\Program Files (x86)\NVIDIA Corporation\PhysX\Common;C:\Program Files\NVIDIA Corporation\NVIDIA NvDLISR;C:\Program Files\Git\cmd;C:\Program Files\nodejs\;C:\ProgramData\chocolatey\bin;C:\Program Files\dotnet\;C:\php;C:\Program Files\Docker\Docker\resources\bin;C:\ProgramData\ComposerSetup\bin;C:\Program Files\Cloudflare\Cloudflare WARP\;C:\Users\davinky\.cargo\bin;C:\Users\davinky\AppData\Local\Microsoft\WindowsApps;C:\Users\davinky\AppData\Roaming\npm;C:\Users\davinky\AppData\Local\Programs\Microsoft VS Code\bin;C:\Users\davinky\.dotnet\tools;C:\Users\davinky\AppData\Roaming\Composer\vendor\bin;C:\Program Files\Java\jdk-22\bin;;C:\Program Files\JetBrains\IntelliJ IDEA 2024.2.4\bin;;C:\Program Files\Zulu\zulu-23\\bin
Check launcher:	C:\Program Files\Zulu\zulu-23\bin\javaw.exe (OK)
Check javac:	C:\Program Files\Zulu\zulu-23\bin\javac.exe (OK)
Version string: 1.023.000_001 / 64-Bit (OK)
Launcher:	C:\Program Files\Zulu\zulu-23\bin\javaw.exe
Launcher args:	-jar "C:\Users\davinky\Documents\codeshit\StokObatApotek-Maven\target\StokObatApotek.exe"
Args length:	89/32768 chars
Exit code:	0


Version:	3.50
CmdLine:	C:\Users\davinky\Documents\codeshit\StokObatApotek-Maven\target\StokObatApotek.exe --l4j-debug
JNI:		No
WOW64:		Yes
Working dir:	C:\Users\davinky\Documents\codeshit\StokObatApotek-Maven\target\.
Requires JDK:	Yes
Requires 64-Bit: Yes
Java min ver:	1.023.000_001
Java max ver:	
Substitute:	JAVA_HOME = C:\Program Files\Zulu\zulu-23\
Substitute:	PATH = C:\Program Files\Zulu\zulu-23\bin\;C:\Program Files\Python312\Scripts\;C:\Program Files\Python312\;C:\Windows\system32;C:\Windows;C:\Windows\System32\Wbem;C:\Windows\System32\WindowsPowerShell\v1.0\;C:\Windows\System32\OpenSSH\;C:\Program Files (x86)\NVIDIA Corporation\PhysX\Common;C:\Program Files\NVIDIA Corporation\NVIDIA NvDLISR;C:\Program Files\Git\cmd;C:\Program Files\nodejs\;C:\ProgramData\chocolatey\bin;C:\Program Files\dotnet\;C:\php;C:\Program Files\Docker\Docker\resources\bin;C:\ProgramData\ComposerSetup\bin;C:\Program Files\Cloudflare\Cloudflare WARP\;C:\Users\davinky\.cargo\bin;C:\Users\davinky\AppData\Local\Microsoft\WindowsApps;C:\Users\davinky\AppData\Roaming\npm;C:\Users\davinky\AppData\Local\Programs\Microsoft VS Code\bin;C:\Users\davinky\.dotnet\tools;C:\Users\davinky\AppData\Roaming\Composer\vendor\bin;C:\Program Files\Java\jdk-22\bin;;C:\Program Files\JetBrains\IntelliJ IDEA 2024.2.4\bin;;C:\Program Files\Zulu\zulu-23\\bin
JRE paths:	C:\Program Files\Zulu\zulu-23\;C:\Program Files\Zulu\zulu-23\bin\;C:\Program Files\Python312\Scripts\;C:\Program Files\Python312\;C:\Windows\system32;C:\Windows;C:\Windows\System32\Wbem;C:\Windows\System32\WindowsPowerShell\v1.0\;C:\Windows\System32\OpenSSH\;C:\Program Files (x86)\NVIDIA Corporation\PhysX\Common;C:\Program Files\NVIDIA Corporation\NVIDIA NvDLISR;C:\Program Files\Git\cmd;C:\Program Files\nodejs\;C:\ProgramData\chocolatey\bin;C:\Program Files\dotnet\;C:\php;C:\Program Files\Docker\Docker\resources\bin;C:\ProgramData\ComposerSetup\bin;C:\Program Files\Cloudflare\Cloudflare WARP\;C:\Users\davinky\.cargo\bin;C:\Users\davinky\AppData\Local\Microsoft\WindowsApps;C:\Users\davinky\AppData\Roaming\npm;C:\Users\davinky\AppData\Local\Programs\Microsoft VS Code\bin;C:\Users\davinky\.dotnet\tools;C:\Users\davinky\AppData\Roaming\Composer\vendor\bin;C:\Program Files\Java\jdk-22\bin;;C:\Program Files\JetBrains\IntelliJ IDEA 2024.2.4\bin;;C:\Program Files\Zulu\zulu-23\\bin
Check launcher:	C:\Program Files\Zulu\zulu-23\bin\javaw.exe (OK)
Check javac:	C:\Program Files\Zulu\zulu-23\bin\javac.exe (OK)
Version string: 1.023.000_001 / 64-Bit (OK)
Launcher:	C:\Program Files\Zulu\zulu-23\bin\javaw.exe
Launcher args:	-jar "C:\Users\davinky\Documents\codeshit\StokObatApotek-Maven\target\StokObatApotek.exe"
Args length:	89/32768 chars
Exit code:	0
